<?xml version="1.0" encoding="UTF-8"?>
<!-- Generated by org.testng.reporters.JUnitReportReporter -->
<testsuite hostname="DESKTOP-V6496N2" failures="0" tests="3" name="com.HrmProject.test.LoginTest" time="50.504" errors="0" timestamp="2022-05-12T21:00:23 IST" skipped="0">
  <testcase classname="com.HrmProject.test.LoginTest" name="verifyLogin03" time="20.763"/>
  <system-out/>
  <testcase classname="com.HrmProject.test.LoginTest" name="verifyLogin01" time="15.687"/>
  <system-out/>
  <testcase classname="com.HrmProject.test.LoginTest" name="verifyLogin02" time="14.054"/>
  <system-out/>
</testsuite> <!-- com.HrmProject.test.LoginTest -->
